23-Jul-2024 17:27:15.148 INFO [main] org.apache.catalina.startup.VersionLoggerListener.log 서버 버전 이름:    Apache Tomcat/10.1.25
23-Jul-2024 17:27:15.153 INFO [main] org.apache.catalina.startup.VersionLoggerListener.log Server 빌드 시각:  Jun 14 2024 19:31:59 UTC
23-Jul-2024 17:27:15.153 INFO [main] org.apache.catalina.startup.VersionLoggerListener.log Server 버전 번호:  10.1.25.0
23-Jul-2024 17:27:15.154 INFO [main] org.apache.catalina.startup.VersionLoggerListener.log 운영체제 이름:     Windows 10
23-Jul-2024 17:27:15.154 INFO [main] org.apache.catalina.startup.VersionLoggerListener.log 운영체제 버전:     10.0
23-Jul-2024 17:27:15.154 INFO [main] org.apache.catalina.startup.VersionLoggerListener.log 아키텍처:          amd64
23-Jul-2024 17:27:15.154 INFO [main] org.apache.catalina.startup.VersionLoggerListener.log 자바 홈:           C:\Users\dlwog\.jdks\openjdk-21.0.1
23-Jul-2024 17:27:15.154 INFO [main] org.apache.catalina.startup.VersionLoggerListener.log JVM 버전:          21.0.1+12-29
23-Jul-2024 17:27:15.154 INFO [main] org.apache.catalina.startup.VersionLoggerListener.log JVM 벤더:          Oracle Corporation
23-Jul-2024 17:27:15.155 INFO [main] org.apache.catalina.startup.VersionLoggerListener.log CATALINA_BASE:     C:\Users\dlwog\OneDrive\Documents\JSP_Project\wifi_api_project\wifi_api_project
23-Jul-2024 17:27:15.155 INFO [main] org.apache.catalina.startup.VersionLoggerListener.log CATALINA_HOME:     C:\Users\dlwog\OneDrive\Documents\JSP_Project\apache-tomcat-10.1.25
23-Jul-2024 17:27:15.167 INFO [main] org.apache.catalina.startup.VersionLoggerListener.log 명령 행 아규먼트:  --add-opens=java.base/java.lang=ALL-UNNAMED
23-Jul-2024 17:27:15.167 INFO [main] org.apache.catalina.startup.VersionLoggerListener.log 명령 행 아규먼트:  --add-opens=java.base/java.io=ALL-UNNAMED
23-Jul-2024 17:27:15.167 INFO [main] org.apache.catalina.startup.VersionLoggerListener.log 명령 행 아규먼트:  --add-opens=java.base/java.util=ALL-UNNAMED
23-Jul-2024 17:27:15.168 INFO [main] org.apache.catalina.startup.VersionLoggerListener.log 명령 행 아규먼트:  --add-opens=java.base/java.util.concurrent=ALL-UNNAMED
23-Jul-2024 17:27:15.168 INFO [main] org.apache.catalina.startup.VersionLoggerListener.log 명령 행 아규먼트:  --add-opens=java.rmi/sun.rmi.transport=ALL-UNNAMED
23-Jul-2024 17:27:15.168 INFO [main] org.apache.catalina.startup.VersionLoggerListener.log 명령 행 아규먼트:  -Dcatalina.home=C:\Users\dlwog\OneDrive\Documents\JSP_Project\apache-tomcat-10.1.25
23-Jul-2024 17:27:15.168 INFO [main] org.apache.catalina.startup.VersionLoggerListener.log 명령 행 아규먼트:  -Dcatalina.base=C:\Users\dlwog\OneDrive\Documents\JSP_Project\wifi_api_project\wifi_api_project
23-Jul-2024 17:27:15.168 INFO [main] org.apache.catalina.startup.VersionLoggerListener.log 명령 행 아규먼트:  -Djava.io.tmpdir=C:\Users\dlwog\OneDrive\Documents\JSP_Project\wifi_api_project\wifi_api_project\temp
23-Jul-2024 17:27:15.169 INFO [main] org.apache.catalina.startup.VersionLoggerListener.log 명령 행 아규먼트:  -Djava.util.logging.config.file=C:\Users\dlwog\OneDrive\Documents\JSP_Project\wifi_api_project\wifi_api_project\conf\logging.properties
23-Jul-2024 17:27:15.169 INFO [main] org.apache.catalina.startup.VersionLoggerListener.log 명령 행 아규먼트:  -Djava.util.logging.manager=org.apache.juli.ClassLoaderLogManager
23-Jul-2024 17:27:15.169 INFO [main] org.apache.catalina.startup.VersionLoggerListener.log 명령 행 아규먼트:  -javaagent:C:\Program Files\JetBrains\IntelliJ IDEA 2024.1.4\lib\idea_rt.jar=11353:C:\Program Files\JetBrains\IntelliJ IDEA 2024.1.4\bin
23-Jul-2024 17:27:15.169 INFO [main] org.apache.catalina.startup.VersionLoggerListener.log 명령 행 아규먼트:  -Dfile.encoding=UTF-8
23-Jul-2024 17:27:15.169 INFO [main] org.apache.catalina.startup.VersionLoggerListener.log 명령 행 아규먼트:  -Dsun.stdout.encoding=UTF-8
23-Jul-2024 17:27:15.169 INFO [main] org.apache.catalina.startup.VersionLoggerListener.log 명령 행 아규먼트:  -Dsun.stderr.encoding=UTF-8
23-Jul-2024 17:27:15.219 INFO [main] org.apache.catalina.core.AprLifecycleListener.lifecycleEvent APR 버전 [1.7.4]을(를) 사용한, APR 기반 Apache Tomcat Native 라이브러리 [2.0.7]을(를) 로드했습니다.
23-Jul-2024 17:27:15.245 INFO [main] org.apache.catalina.core.AprLifecycleListener.initializeSSL OpenSSL이 성공적으로 초기화되었습니다: [OpenSSL 3.0.13 30 Jan 2024]
23-Jul-2024 17:27:15.757 INFO [main] org.apache.coyote.AbstractProtocol.init 프로토콜 핸들러 ["http-nio-8080"]을(를) 초기화합니다.
23-Jul-2024 17:27:15.813 INFO [main] org.apache.catalina.startup.Catalina.load [1007] 밀리초 내에 서버가 초기화되었습니다.
23-Jul-2024 17:27:15.933 INFO [main] org.apache.catalina.core.StandardService.startInternal 서비스 [Catalina]을(를) 시작합니다.
23-Jul-2024 17:27:15.933 INFO [main] org.apache.catalina.core.StandardEngine.startInternal 서버 엔진을 시작합니다: [Apache Tomcat/10.1.25]
23-Jul-2024 17:27:15.955 INFO [main] org.apache.catalina.startup.HostConfig.deployDescriptor 배치 descriptor [C:\Users\dlwog\OneDrive\Documents\JSP_Project\wifi_api_project\wifi_api_project\conf\Catalina\localhost\ROOT.xml]을(를) 배치합니다.
23-Jul-2024 17:27:20.005 INFO [main] org.apache.catalina.startup.HostConfig.deployDescriptor 배치 descriptor [C:\Users\dlwog\OneDrive\Documents\JSP_Project\wifi_api_project\wifi_api_project\conf\Catalina\localhost\ROOT.xml]의 배치가 [4,045] 밀리초 내에 완료되었습니다.
23-Jul-2024 17:27:20.013 INFO [main] org.apache.coyote.AbstractProtocol.start 프로토콜 핸들러 ["http-nio-8080"]을(를) 시작합니다.
23-Jul-2024 17:27:20.061 INFO [main] org.apache.catalina.startup.Catalina.start 서버가 [4247] 밀리초 내에 시작되었습니다.
23-Jul-2024 17:27:30.923 INFO [Thread-1] org.apache.coyote.AbstractProtocol.pause 프로토콜 핸들러 ["http-nio-8080"]을(를) 일시 정지 중
23-Jul-2024 17:27:30.993 INFO [Thread-1] org.apache.catalina.core.StandardService.stopInternal 서비스 [Catalina]을(를) 중지시킵니다.
23-Jul-2024 17:27:31.018 INFO [Thread-1] org.apache.coyote.AbstractProtocol.stop 프로토콜 핸들러 ["http-nio-8080"]을(를) 중지시킵니다.
23-Jul-2024 17:27:31.030 INFO [Thread-1] org.apache.coyote.AbstractProtocol.destroy 프로토콜 핸들러 ["http-nio-8080"]을(를) 소멸시킵니다.
23-Jul-2024 17:28:02.833 INFO [main] org.apache.catalina.startup.VersionLoggerListener.log 서버 버전 이름:    Apache Tomcat/10.1.25
23-Jul-2024 17:28:02.838 INFO [main] org.apache.catalina.startup.VersionLoggerListener.log Server 빌드 시각:  Jun 14 2024 19:31:59 UTC
23-Jul-2024 17:28:02.840 INFO [main] org.apache.catalina.startup.VersionLoggerListener.log Server 버전 번호:  10.1.25.0
23-Jul-2024 17:28:02.840 INFO [main] org.apache.catalina.startup.VersionLoggerListener.log 운영체제 이름:     Windows 10
23-Jul-2024 17:28:02.840 INFO [main] org.apache.catalina.startup.VersionLoggerListener.log 운영체제 버전:     10.0
23-Jul-2024 17:28:02.840 INFO [main] org.apache.catalina.startup.VersionLoggerListener.log 아키텍처:          amd64
23-Jul-2024 17:28:02.840 INFO [main] org.apache.catalina.startup.VersionLoggerListener.log 자바 홈:           C:\Users\dlwog\.jdks\openjdk-21.0.1
23-Jul-2024 17:28:02.840 INFO [main] org.apache.catalina.startup.VersionLoggerListener.log JVM 버전:          21.0.1+12-29
23-Jul-2024 17:28:02.840 INFO [main] org.apache.catalina.startup.VersionLoggerListener.log JVM 벤더:          Oracle Corporation
23-Jul-2024 17:28:02.841 INFO [main] org.apache.catalina.startup.VersionLoggerListener.log CATALINA_BASE:     C:\Users\dlwog\OneDrive\Documents\JSP_Project\wifi_api_project\wifi_api_project
23-Jul-2024 17:28:02.841 INFO [main] org.apache.catalina.startup.VersionLoggerListener.log CATALINA_HOME:     C:\Users\dlwog\OneDrive\Documents\JSP_Project\apache-tomcat-10.1.25
23-Jul-2024 17:28:02.852 INFO [main] org.apache.catalina.startup.VersionLoggerListener.log 명령 행 아규먼트:  --add-opens=java.base/java.lang=ALL-UNNAMED
23-Jul-2024 17:28:02.852 INFO [main] org.apache.catalina.startup.VersionLoggerListener.log 명령 행 아규먼트:  --add-opens=java.base/java.io=ALL-UNNAMED
23-Jul-2024 17:28:02.853 INFO [main] org.apache.catalina.startup.VersionLoggerListener.log 명령 행 아규먼트:  --add-opens=java.base/java.util=ALL-UNNAMED
23-Jul-2024 17:28:02.853 INFO [main] org.apache.catalina.startup.VersionLoggerListener.log 명령 행 아규먼트:  --add-opens=java.base/java.util.concurrent=ALL-UNNAMED
23-Jul-2024 17:28:02.853 INFO [main] org.apache.catalina.startup.VersionLoggerListener.log 명령 행 아규먼트:  --add-opens=java.rmi/sun.rmi.transport=ALL-UNNAMED
23-Jul-2024 17:28:02.853 INFO [main] org.apache.catalina.startup.VersionLoggerListener.log 명령 행 아규먼트:  -Dcatalina.home=C:\Users\dlwog\OneDrive\Documents\JSP_Project\apache-tomcat-10.1.25
23-Jul-2024 17:28:02.853 INFO [main] org.apache.catalina.startup.VersionLoggerListener.log 명령 행 아규먼트:  -Dcatalina.base=C:\Users\dlwog\OneDrive\Documents\JSP_Project\wifi_api_project\wifi_api_project
23-Jul-2024 17:28:02.853 INFO [main] org.apache.catalina.startup.VersionLoggerListener.log 명령 행 아규먼트:  -Djava.io.tmpdir=C:\Users\dlwog\OneDrive\Documents\JSP_Project\wifi_api_project\wifi_api_project\temp
23-Jul-2024 17:28:02.853 INFO [main] org.apache.catalina.startup.VersionLoggerListener.log 명령 행 아규먼트:  -Djava.util.logging.config.file=C:\Users\dlwog\OneDrive\Documents\JSP_Project\wifi_api_project\wifi_api_project\conf\logging.properties
23-Jul-2024 17:28:02.853 INFO [main] org.apache.catalina.startup.VersionLoggerListener.log 명령 행 아규먼트:  -Djava.util.logging.manager=org.apache.juli.ClassLoaderLogManager
23-Jul-2024 17:28:02.854 INFO [main] org.apache.catalina.startup.VersionLoggerListener.log 명령 행 아규먼트:  -javaagent:C:\Program Files\JetBrains\IntelliJ IDEA 2024.1.4\lib\idea_rt.jar=11396:C:\Program Files\JetBrains\IntelliJ IDEA 2024.1.4\bin
23-Jul-2024 17:28:02.854 INFO [main] org.apache.catalina.startup.VersionLoggerListener.log 명령 행 아규먼트:  -Dfile.encoding=UTF-8
23-Jul-2024 17:28:02.854 INFO [main] org.apache.catalina.startup.VersionLoggerListener.log 명령 행 아규먼트:  -Dsun.stdout.encoding=UTF-8
23-Jul-2024 17:28:02.854 INFO [main] org.apache.catalina.startup.VersionLoggerListener.log 명령 행 아규먼트:  -Dsun.stderr.encoding=UTF-8
23-Jul-2024 17:28:02.861 INFO [main] org.apache.catalina.core.AprLifecycleListener.lifecycleEvent APR 버전 [1.7.4]을(를) 사용한, APR 기반 Apache Tomcat Native 라이브러리 [2.0.7]을(를) 로드했습니다.
23-Jul-2024 17:28:02.887 INFO [main] org.apache.catalina.core.AprLifecycleListener.initializeSSL OpenSSL이 성공적으로 초기화되었습니다: [OpenSSL 3.0.13 30 Jan 2024]
23-Jul-2024 17:28:03.332 INFO [main] org.apache.coyote.AbstractProtocol.init 프로토콜 핸들러 ["http-nio-8080"]을(를) 초기화합니다.
23-Jul-2024 17:28:03.353 INFO [main] org.apache.catalina.startup.Catalina.load [870] 밀리초 내에 서버가 초기화되었습니다.
23-Jul-2024 17:28:03.416 INFO [main] org.apache.catalina.core.StandardService.startInternal 서비스 [Catalina]을(를) 시작합니다.
23-Jul-2024 17:28:03.416 INFO [main] org.apache.catalina.core.StandardEngine.startInternal 서버 엔진을 시작합니다: [Apache Tomcat/10.1.25]
23-Jul-2024 17:28:03.434 INFO [main] org.apache.catalina.startup.HostConfig.deployDescriptor 배치 descriptor [C:\Users\dlwog\OneDrive\Documents\JSP_Project\wifi_api_project\wifi_api_project\conf\Catalina\localhost\ROOT.xml]을(를) 배치합니다.
23-Jul-2024 17:28:06.343 INFO [main] org.apache.catalina.startup.HostConfig.deployDescriptor 배치 descriptor [C:\Users\dlwog\OneDrive\Documents\JSP_Project\wifi_api_project\wifi_api_project\conf\Catalina\localhost\ROOT.xml]의 배치가 [2,903] 밀리초 내에 완료되었습니다.
23-Jul-2024 17:28:06.351 INFO [main] org.apache.coyote.AbstractProtocol.start 프로토콜 핸들러 ["http-nio-8080"]을(를) 시작합니다.
23-Jul-2024 17:28:06.449 INFO [main] org.apache.catalina.startup.Catalina.start 서버가 [3093] 밀리초 내에 시작되었습니다.
23-Jul-2024 17:28:49.764 INFO [Thread-1] org.apache.coyote.AbstractProtocol.pause 프로토콜 핸들러 ["http-nio-8080"]을(를) 일시 정지 중
23-Jul-2024 17:28:49.794 INFO [Thread-1] org.apache.catalina.core.StandardService.stopInternal 서비스 [Catalina]을(를) 중지시킵니다.
23-Jul-2024 17:28:49.818 INFO [Thread-1] org.apache.coyote.AbstractProtocol.stop 프로토콜 핸들러 ["http-nio-8080"]을(를) 중지시킵니다.
23-Jul-2024 17:28:49.836 INFO [Thread-1] org.apache.coyote.AbstractProtocol.destroy 프로토콜 핸들러 ["http-nio-8080"]을(를) 소멸시킵니다.
23-Jul-2024 19:06:34.716 INFO [main] org.apache.catalina.startup.VersionLoggerListener.log 서버 버전 이름:    Apache Tomcat/10.1.25
23-Jul-2024 19:06:34.723 INFO [main] org.apache.catalina.startup.VersionLoggerListener.log Server 빌드 시각:  Jun 14 2024 19:31:59 UTC
23-Jul-2024 19:06:34.724 INFO [main] org.apache.catalina.startup.VersionLoggerListener.log Server 버전 번호:  10.1.25.0
23-Jul-2024 19:06:34.724 INFO [main] org.apache.catalina.startup.VersionLoggerListener.log 운영체제 이름:     Windows 10
23-Jul-2024 19:06:34.724 INFO [main] org.apache.catalina.startup.VersionLoggerListener.log 운영체제 버전:     10.0
23-Jul-2024 19:06:34.724 INFO [main] org.apache.catalina.startup.VersionLoggerListener.log 아키텍처:          amd64
23-Jul-2024 19:06:34.725 INFO [main] org.apache.catalina.startup.VersionLoggerListener.log 자바 홈:           C:\Users\dlwog\.jdks\openjdk-21.0.1
23-Jul-2024 19:06:34.725 INFO [main] org.apache.catalina.startup.VersionLoggerListener.log JVM 버전:          21.0.1+12-29
23-Jul-2024 19:06:34.725 INFO [main] org.apache.catalina.startup.VersionLoggerListener.log JVM 벤더:          Oracle Corporation
23-Jul-2024 19:06:34.725 INFO [main] org.apache.catalina.startup.VersionLoggerListener.log CATALINA_BASE:     C:\Users\dlwog\OneDrive\Documents\JSP_Project\wifi_api_project\wifi_api_project
23-Jul-2024 19:06:34.725 INFO [main] org.apache.catalina.startup.VersionLoggerListener.log CATALINA_HOME:     C:\Users\dlwog\OneDrive\Documents\JSP_Project\apache-tomcat-10.1.25
23-Jul-2024 19:06:34.757 INFO [main] org.apache.catalina.startup.VersionLoggerListener.log 명령 행 아규먼트:  --add-opens=java.base/java.lang=ALL-UNNAMED
23-Jul-2024 19:06:34.757 INFO [main] org.apache.catalina.startup.VersionLoggerListener.log 명령 행 아규먼트:  --add-opens=java.base/java.io=ALL-UNNAMED
23-Jul-2024 19:06:34.757 INFO [main] org.apache.catalina.startup.VersionLoggerListener.log 명령 행 아규먼트:  --add-opens=java.base/java.util=ALL-UNNAMED
23-Jul-2024 19:06:34.757 INFO [main] org.apache.catalina.startup.VersionLoggerListener.log 명령 행 아규먼트:  --add-opens=java.base/java.util.concurrent=ALL-UNNAMED
23-Jul-2024 19:06:34.757 INFO [main] org.apache.catalina.startup.VersionLoggerListener.log 명령 행 아규먼트:  --add-opens=java.rmi/sun.rmi.transport=ALL-UNNAMED
23-Jul-2024 19:06:34.758 INFO [main] org.apache.catalina.startup.VersionLoggerListener.log 명령 행 아규먼트:  -Dcatalina.home=C:\Users\dlwog\OneDrive\Documents\JSP_Project\apache-tomcat-10.1.25
23-Jul-2024 19:06:34.758 INFO [main] org.apache.catalina.startup.VersionLoggerListener.log 명령 행 아규먼트:  -Dcatalina.base=C:\Users\dlwog\OneDrive\Documents\JSP_Project\wifi_api_project\wifi_api_project
23-Jul-2024 19:06:34.758 INFO [main] org.apache.catalina.startup.VersionLoggerListener.log 명령 행 아규먼트:  -Djava.io.tmpdir=C:\Users\dlwog\OneDrive\Documents\JSP_Project\wifi_api_project\wifi_api_project\temp
23-Jul-2024 19:06:34.759 INFO [main] org.apache.catalina.startup.VersionLoggerListener.log 명령 행 아규먼트:  -Djava.util.logging.config.file=C:\Users\dlwog\OneDrive\Documents\JSP_Project\wifi_api_project\wifi_api_project\conf\logging.properties
23-Jul-2024 19:06:34.759 INFO [main] org.apache.catalina.startup.VersionLoggerListener.log 명령 행 아규먼트:  -Djava.util.logging.manager=org.apache.juli.ClassLoaderLogManager
23-Jul-2024 19:06:34.759 INFO [main] org.apache.catalina.startup.VersionLoggerListener.log 명령 행 아규먼트:  -javaagent:C:\Program Files\JetBrains\IntelliJ IDEA 2024.1.4\lib\idea_rt.jar=14910:C:\Program Files\JetBrains\IntelliJ IDEA 2024.1.4\bin
23-Jul-2024 19:06:34.759 INFO [main] org.apache.catalina.startup.VersionLoggerListener.log 명령 행 아규먼트:  -Dfile.encoding=UTF-8
23-Jul-2024 19:06:34.759 INFO [main] org.apache.catalina.startup.VersionLoggerListener.log 명령 행 아규먼트:  -Dsun.stdout.encoding=UTF-8
23-Jul-2024 19:06:34.759 INFO [main] org.apache.catalina.startup.VersionLoggerListener.log 명령 행 아규먼트:  -Dsun.stderr.encoding=UTF-8
23-Jul-2024 19:06:34.770 INFO [main] org.apache.catalina.core.AprLifecycleListener.lifecycleEvent APR 버전 [1.7.4]을(를) 사용한, APR 기반 Apache Tomcat Native 라이브러리 [2.0.7]을(를) 로드했습니다.
23-Jul-2024 19:06:34.798 INFO [main] org.apache.catalina.core.AprLifecycleListener.initializeSSL OpenSSL이 성공적으로 초기화되었습니다: [OpenSSL 3.0.13 30 Jan 2024]
23-Jul-2024 19:06:35.391 INFO [main] org.apache.coyote.AbstractProtocol.init 프로토콜 핸들러 ["http-nio-8080"]을(를) 초기화합니다.
23-Jul-2024 19:06:35.416 INFO [main] org.apache.catalina.startup.Catalina.load [1078] 밀리초 내에 서버가 초기화되었습니다.
23-Jul-2024 19:06:35.508 INFO [main] org.apache.catalina.core.StandardService.startInternal 서비스 [Catalina]을(를) 시작합니다.
23-Jul-2024 19:06:35.508 INFO [main] org.apache.catalina.core.StandardEngine.startInternal 서버 엔진을 시작합니다: [Apache Tomcat/10.1.25]
23-Jul-2024 19:06:35.529 INFO [main] org.apache.catalina.startup.HostConfig.deployDescriptor 배치 descriptor [C:\Users\dlwog\OneDrive\Documents\JSP_Project\wifi_api_project\wifi_api_project\conf\Catalina\localhost\ROOT.xml]을(를) 배치합니다.
