27-Jul-2024 22:37:00.649 INFO [main] org.apache.catalina.startup.VersionLoggerListener.log 서버 버전 이름:    Apache Tomcat/10.1.26
27-Jul-2024 22:37:00.657 INFO [main] org.apache.catalina.startup.VersionLoggerListener.log Server 빌드 시각:  Jul 7 2024 21:02:13 UTC
27-Jul-2024 22:37:00.657 INFO [main] org.apache.catalina.startup.VersionLoggerListener.log Server 버전 번호:  10.1.26.0
27-Jul-2024 22:37:00.657 INFO [main] org.apache.catalina.startup.VersionLoggerListener.log 운영체제 이름:     Windows 10
27-Jul-2024 22:37:00.658 INFO [main] org.apache.catalina.startup.VersionLoggerListener.log 운영체제 버전:     10.0
27-Jul-2024 22:37:00.658 INFO [main] org.apache.catalina.startup.VersionLoggerListener.log 아키텍처:          amd64
27-Jul-2024 22:37:00.658 INFO [main] org.apache.catalina.startup.VersionLoggerListener.log 자바 홈:           C:\Users\dlwog\.jdks\openjdk-21.0.1
27-Jul-2024 22:37:00.658 INFO [main] org.apache.catalina.startup.VersionLoggerListener.log JVM 버전:          21.0.1+12-29
27-Jul-2024 22:37:00.659 INFO [main] org.apache.catalina.startup.VersionLoggerListener.log JVM 벤더:          Oracle Corporation
27-Jul-2024 22:37:00.659 INFO [main] org.apache.catalina.startup.VersionLoggerListener.log CATALINA_BASE:     C:\Users\dlwog\OneDrive\Documents\JSP_Project\wifi_api_project
27-Jul-2024 22:37:00.659 INFO [main] org.apache.catalina.startup.VersionLoggerListener.log CATALINA_HOME:     C:\Users\dlwog\OneDrive\Documents\JSP_Project\apache-tomcat-10.1.26
27-Jul-2024 22:37:00.675 INFO [main] org.apache.catalina.startup.VersionLoggerListener.log 명령 행 아규먼트:  --add-opens=java.base/java.lang=ALL-UNNAMED
27-Jul-2024 22:37:00.675 INFO [main] org.apache.catalina.startup.VersionLoggerListener.log 명령 행 아규먼트:  --add-opens=java.base/java.io=ALL-UNNAMED
27-Jul-2024 22:37:00.675 INFO [main] org.apache.catalina.startup.VersionLoggerListener.log 명령 행 아규먼트:  --add-opens=java.base/java.util=ALL-UNNAMED
27-Jul-2024 22:37:00.675 INFO [main] org.apache.catalina.startup.VersionLoggerListener.log 명령 행 아규먼트:  --add-opens=java.base/java.util.concurrent=ALL-UNNAMED
27-Jul-2024 22:37:00.675 INFO [main] org.apache.catalina.startup.VersionLoggerListener.log 명령 행 아규먼트:  --add-opens=java.rmi/sun.rmi.transport=ALL-UNNAMED
27-Jul-2024 22:37:00.675 INFO [main] org.apache.catalina.startup.VersionLoggerListener.log 명령 행 아규먼트:  -Dcatalina.home=C:\Users\dlwog\OneDrive\Documents\JSP_Project\apache-tomcat-10.1.26
27-Jul-2024 22:37:00.676 INFO [main] org.apache.catalina.startup.VersionLoggerListener.log 명령 행 아규먼트:  -Dcatalina.base=C:\Users\dlwog\OneDrive\Documents\JSP_Project\wifi_api_project
27-Jul-2024 22:37:00.676 INFO [main] org.apache.catalina.startup.VersionLoggerListener.log 명령 행 아규먼트:  -Djava.io.tmpdir=C:\Users\dlwog\OneDrive\Documents\JSP_Project\wifi_api_project\temp
27-Jul-2024 22:37:00.676 INFO [main] org.apache.catalina.startup.VersionLoggerListener.log 명령 행 아규먼트:  -Djava.util.logging.config.file=C:\Users\dlwog\OneDrive\Documents\JSP_Project\wifi_api_project\conf\logging.properties
27-Jul-2024 22:37:00.676 INFO [main] org.apache.catalina.startup.VersionLoggerListener.log 명령 행 아규먼트:  -Djava.util.logging.manager=org.apache.juli.ClassLoaderLogManager
27-Jul-2024 22:37:00.676 INFO [main] org.apache.catalina.startup.VersionLoggerListener.log 명령 행 아규먼트:  -javaagent:C:\Program Files\JetBrains\IntelliJ IDEA 2024.1.4\lib\idea_rt.jar=14874:C:\Program Files\JetBrains\IntelliJ IDEA 2024.1.4\bin
27-Jul-2024 22:37:00.676 INFO [main] org.apache.catalina.startup.VersionLoggerListener.log 명령 행 아규먼트:  -Dfile.encoding=UTF-8
27-Jul-2024 22:37:00.676 INFO [main] org.apache.catalina.startup.VersionLoggerListener.log 명령 행 아규먼트:  -Dsun.stdout.encoding=UTF-8
27-Jul-2024 22:37:00.677 INFO [main] org.apache.catalina.startup.VersionLoggerListener.log 명령 행 아규먼트:  -Dsun.stderr.encoding=UTF-8
27-Jul-2024 22:37:00.816 INFO [main] org.apache.catalina.core.AprLifecycleListener.lifecycleEvent APR 버전 [1.7.4]을(를) 사용한, APR 기반 Apache Tomcat Native 라이브러리 [2.0.7]을(를) 로드했습니다.
27-Jul-2024 22:37:00.844 INFO [main] org.apache.catalina.core.AprLifecycleListener.initializeSSL OpenSSL이 성공적으로 초기화되었습니다: [OpenSSL 3.0.13 30 Jan 2024]
27-Jul-2024 22:37:01.344 INFO [main] org.apache.coyote.AbstractProtocol.init 프로토콜 핸들러 ["http-nio-8081"]을(를) 초기화합니다.
27-Jul-2024 22:37:01.366 INFO [main] org.apache.catalina.startup.Catalina.load [1249] 밀리초 내에 서버가 초기화되었습니다.
27-Jul-2024 22:37:01.429 INFO [main] org.apache.catalina.core.StandardService.startInternal 서비스 [Catalina]을(를) 시작합니다.
27-Jul-2024 22:37:01.429 INFO [main] org.apache.catalina.core.StandardEngine.startInternal 서버 엔진을 시작합니다: [Apache Tomcat/10.1.26]
27-Jul-2024 22:37:01.448 INFO [main] org.apache.catalina.startup.HostConfig.deployDescriptor 배치 descriptor [C:\Users\dlwog\OneDrive\Documents\JSP_Project\wifi_api_project\conf\Catalina\localhost\ROOT.xml]을(를) 배치합니다.
27-Jul-2024 22:37:04.466 INFO [main] org.apache.jasper.servlet.TldScanner.scanJars 적어도 하나의 JAR가 TLD들을 찾기 위해 스캔되었으나 아무 것도 찾지 못했습니다. 스캔했으나 TLD가 없는 JAR들의 전체 목록을 보시려면, 로그 레벨을 디버그 레벨로 설정하십시오. 스캔 과정에서 불필요한 JAR들을 건너뛰면, 시스템 시작 시간과 JSP 컴파일 시간을 단축시킬 수 있습니다.
27-Jul-2024 22:37:05.236 INFO [main] org.apache.catalina.startup.HostConfig.deployDescriptor 배치 descriptor [C:\Users\dlwog\OneDrive\Documents\JSP_Project\wifi_api_project\conf\Catalina\localhost\ROOT.xml]의 배치가 [3,785] 밀리초 내에 완료되었습니다.
27-Jul-2024 22:37:05.247 INFO [main] org.apache.coyote.AbstractProtocol.start 프로토콜 핸들러 ["http-nio-8081"]을(를) 시작합니다.
27-Jul-2024 22:37:05.276 INFO [main] org.apache.catalina.startup.Catalina.start 서버가 [3908] 밀리초 내에 시작되었습니다.
27-Jul-2024 22:57:57.394 INFO [Thread-1] org.apache.coyote.AbstractProtocol.pause 프로토콜 핸들러 ["http-nio-8081"]을(를) 일시 정지 중
27-Jul-2024 22:57:57.420 INFO [Thread-1] org.apache.catalina.core.StandardService.stopInternal 서비스 [Catalina]을(를) 중지시킵니다.
27-Jul-2024 22:57:57.438 WARNING [Thread-1] org.apache.catalina.loader.WebappClassLoaderBase.clearReferencesJdbc 웹 애플리케이션 [ROOT]이(가) JDBC 드라이버 [com.mysql.cj.jdbc.Driver]을(를) 등록했지만, 웹 애플리케이션이 중지될 때, 해당 JDBC 드라이버의 등록을 제거하지 못했습니다. 메모리 누수를 방지하기 위하여, 등록을 강제로 제거했습니다.
27-Jul-2024 22:57:57.439 WARNING [Thread-1] org.apache.catalina.loader.WebappClassLoaderBase.clearReferencesThreads 웹 애플리케이션 [ROOT]이(가) [mysql-cj-abandoned-connection-cleanup](이)라는 이름의 쓰레드를 시작시킨 것으로 보이지만, 해당 쓰레드를 중지시키지 못했습니다. 이는 메모리 누수를 유발할 가능성이 큽니다. 해당 쓰레드의 스택 트레이스:
 java.base/jdk.internal.misc.Unsafe.park(Native Method)
 java.base/java.util.concurrent.locks.LockSupport.parkNanos(LockSupport.java:269)
 java.base/java.util.concurrent.locks.AbstractQueuedSynchronizer$ConditionObject.await(AbstractQueuedSynchronizer.java:1847)
 java.base/java.lang.ref.ReferenceQueue.await(ReferenceQueue.java:71)
 java.base/java.lang.ref.ReferenceQueue.remove0(ReferenceQueue.java:143)
 java.base/java.lang.ref.ReferenceQueue.remove(ReferenceQueue.java:218)
 com.mysql.cj.jdbc.AbandonedConnectionCleanupThread.run(AbandonedConnectionCleanupThread.java:91)
 java.base/java.util.concurrent.ThreadPoolExecutor.runWorker(ThreadPoolExecutor.java:1144)
 java.base/java.util.concurrent.ThreadPoolExecutor$Worker.run(ThreadPoolExecutor.java:642)
 java.base/java.lang.Thread.run(Thread.java:1583)
27-Jul-2024 22:57:57.459 INFO [Thread-1] org.apache.coyote.AbstractProtocol.stop 프로토콜 핸들러 ["http-nio-8081"]을(를) 중지시킵니다.
27-Jul-2024 22:57:57.481 INFO [Thread-1] org.apache.coyote.AbstractProtocol.destroy 프로토콜 핸들러 ["http-nio-8081"]을(를) 소멸시킵니다.
27-Jul-2024 22:58:04.800 INFO [main] org.apache.catalina.startup.VersionLoggerListener.log 서버 버전 이름:    Apache Tomcat/10.1.26
27-Jul-2024 22:58:04.809 INFO [main] org.apache.catalina.startup.VersionLoggerListener.log Server 빌드 시각:  Jul 7 2024 21:02:13 UTC
27-Jul-2024 22:58:04.809 INFO [main] org.apache.catalina.startup.VersionLoggerListener.log Server 버전 번호:  10.1.26.0
27-Jul-2024 22:58:04.810 INFO [main] org.apache.catalina.startup.VersionLoggerListener.log 운영체제 이름:     Windows 10
27-Jul-2024 22:58:04.810 INFO [main] org.apache.catalina.startup.VersionLoggerListener.log 운영체제 버전:     10.0
27-Jul-2024 22:58:04.810 INFO [main] org.apache.catalina.startup.VersionLoggerListener.log 아키텍처:          amd64
27-Jul-2024 22:58:04.810 INFO [main] org.apache.catalina.startup.VersionLoggerListener.log 자바 홈:           C:\Users\dlwog\.jdks\openjdk-21.0.1
27-Jul-2024 22:58:04.810 INFO [main] org.apache.catalina.startup.VersionLoggerListener.log JVM 버전:          21.0.1+12-29
27-Jul-2024 22:58:04.810 INFO [main] org.apache.catalina.startup.VersionLoggerListener.log JVM 벤더:          Oracle Corporation
27-Jul-2024 22:58:04.811 INFO [main] org.apache.catalina.startup.VersionLoggerListener.log CATALINA_BASE:     C:\Users\dlwog\OneDrive\Documents\JSP_Project\wifi_api_project
27-Jul-2024 22:58:04.811 INFO [main] org.apache.catalina.startup.VersionLoggerListener.log CATALINA_HOME:     C:\Users\dlwog\OneDrive\Documents\JSP_Project\apache-tomcat-10.1.26
27-Jul-2024 22:58:04.824 INFO [main] org.apache.catalina.startup.VersionLoggerListener.log 명령 행 아규먼트:  --add-opens=java.base/java.lang=ALL-UNNAMED
27-Jul-2024 22:58:04.824 INFO [main] org.apache.catalina.startup.VersionLoggerListener.log 명령 행 아규먼트:  --add-opens=java.base/java.io=ALL-UNNAMED
27-Jul-2024 22:58:04.824 INFO [main] org.apache.catalina.startup.VersionLoggerListener.log 명령 행 아규먼트:  --add-opens=java.base/java.util=ALL-UNNAMED
27-Jul-2024 22:58:04.824 INFO [main] org.apache.catalina.startup.VersionLoggerListener.log 명령 행 아규먼트:  --add-opens=java.base/java.util.concurrent=ALL-UNNAMED
27-Jul-2024 22:58:04.825 INFO [main] org.apache.catalina.startup.VersionLoggerListener.log 명령 행 아규먼트:  --add-opens=java.rmi/sun.rmi.transport=ALL-UNNAMED
27-Jul-2024 22:58:04.825 INFO [main] org.apache.catalina.startup.VersionLoggerListener.log 명령 행 아규먼트:  -Dcatalina.home=C:\Users\dlwog\OneDrive\Documents\JSP_Project\apache-tomcat-10.1.26
27-Jul-2024 22:58:04.825 INFO [main] org.apache.catalina.startup.VersionLoggerListener.log 명령 행 아규먼트:  -Dcatalina.base=C:\Users\dlwog\OneDrive\Documents\JSP_Project\wifi_api_project
27-Jul-2024 22:58:04.825 INFO [main] org.apache.catalina.startup.VersionLoggerListener.log 명령 행 아규먼트:  -Djava.io.tmpdir=C:\Users\dlwog\OneDrive\Documents\JSP_Project\wifi_api_project\temp
27-Jul-2024 22:58:04.825 INFO [main] org.apache.catalina.startup.VersionLoggerListener.log 명령 행 아규먼트:  -Djava.util.logging.config.file=C:\Users\dlwog\OneDrive\Documents\JSP_Project\wifi_api_project\conf\logging.properties
27-Jul-2024 22:58:04.825 INFO [main] org.apache.catalina.startup.VersionLoggerListener.log 명령 행 아규먼트:  -Djava.util.logging.manager=org.apache.juli.ClassLoaderLogManager
27-Jul-2024 22:58:04.825 INFO [main] org.apache.catalina.startup.VersionLoggerListener.log 명령 행 아규먼트:  -javaagent:C:\Program Files\JetBrains\IntelliJ IDEA 2024.1.4\lib\idea_rt.jar=1137:C:\Program Files\JetBrains\IntelliJ IDEA 2024.1.4\bin
27-Jul-2024 22:58:04.826 INFO [main] org.apache.catalina.startup.VersionLoggerListener.log 명령 행 아규먼트:  -Dfile.encoding=UTF-8
27-Jul-2024 22:58:04.826 INFO [main] org.apache.catalina.startup.VersionLoggerListener.log 명령 행 아규먼트:  -Dsun.stdout.encoding=UTF-8
27-Jul-2024 22:58:04.826 INFO [main] org.apache.catalina.startup.VersionLoggerListener.log 명령 행 아규먼트:  -Dsun.stderr.encoding=UTF-8
27-Jul-2024 22:58:04.833 INFO [main] org.apache.catalina.core.AprLifecycleListener.lifecycleEvent APR 버전 [1.7.4]을(를) 사용한, APR 기반 Apache Tomcat Native 라이브러리 [2.0.7]을(를) 로드했습니다.
27-Jul-2024 22:58:04.850 INFO [main] org.apache.catalina.core.AprLifecycleListener.initializeSSL OpenSSL이 성공적으로 초기화되었습니다: [OpenSSL 3.0.13 30 Jan 2024]
27-Jul-2024 22:58:05.402 INFO [main] org.apache.coyote.AbstractProtocol.init 프로토콜 핸들러 ["http-nio-8081"]을(를) 초기화합니다.
27-Jul-2024 22:58:05.427 INFO [main] org.apache.catalina.startup.Catalina.load [1001] 밀리초 내에 서버가 초기화되었습니다.
27-Jul-2024 22:58:05.515 INFO [main] org.apache.catalina.core.StandardService.startInternal 서비스 [Catalina]을(를) 시작합니다.
27-Jul-2024 22:58:05.515 INFO [main] org.apache.catalina.core.StandardEngine.startInternal 서버 엔진을 시작합니다: [Apache Tomcat/10.1.26]
27-Jul-2024 22:58:05.539 INFO [main] org.apache.catalina.startup.HostConfig.deployDescriptor 배치 descriptor [C:\Users\dlwog\OneDrive\Documents\JSP_Project\wifi_api_project\conf\Catalina\localhost\ROOT.xml]을(를) 배치합니다.
27-Jul-2024 22:58:09.415 INFO [main] org.apache.jasper.servlet.TldScanner.scanJars 적어도 하나의 JAR가 TLD들을 찾기 위해 스캔되었으나 아무 것도 찾지 못했습니다. 스캔했으나 TLD가 없는 JAR들의 전체 목록을 보시려면, 로그 레벨을 디버그 레벨로 설정하십시오. 스캔 과정에서 불필요한 JAR들을 건너뛰면, 시스템 시작 시간과 JSP 컴파일 시간을 단축시킬 수 있습니다.
27-Jul-2024 22:58:10.195 INFO [main] org.apache.catalina.startup.HostConfig.deployDescriptor 배치 descriptor [C:\Users\dlwog\OneDrive\Documents\JSP_Project\wifi_api_project\conf\Catalina\localhost\ROOT.xml]의 배치가 [4,654] 밀리초 내에 완료되었습니다.
27-Jul-2024 22:58:10.207 INFO [main] org.apache.coyote.AbstractProtocol.start 프로토콜 핸들러 ["http-nio-8081"]을(를) 시작합니다.
27-Jul-2024 22:58:10.248 INFO [main] org.apache.catalina.startup.Catalina.start 서버가 [4819] 밀리초 내에 시작되었습니다.
27-Jul-2024 22:58:55.930 INFO [Thread-1] org.apache.coyote.AbstractProtocol.pause 프로토콜 핸들러 ["http-nio-8081"]을(를) 일시 정지 중
27-Jul-2024 22:58:55.954 INFO [Thread-1] org.apache.catalina.core.StandardService.stopInternal 서비스 [Catalina]을(를) 중지시킵니다.
27-Jul-2024 22:58:55.959 WARNING [Thread-1] org.apache.catalina.loader.WebappClassLoaderBase.clearReferencesJdbc 웹 애플리케이션 [ROOT]이(가) JDBC 드라이버 [com.mysql.cj.jdbc.Driver]을(를) 등록했지만, 웹 애플리케이션이 중지될 때, 해당 JDBC 드라이버의 등록을 제거하지 못했습니다. 메모리 누수를 방지하기 위하여, 등록을 강제로 제거했습니다.
27-Jul-2024 22:58:55.959 WARNING [Thread-1] org.apache.catalina.loader.WebappClassLoaderBase.clearReferencesThreads 웹 애플리케이션 [ROOT]이(가) [OkHttp TaskRunner](이)라는 이름의 쓰레드를 시작시킨 것으로 보이지만, 해당 쓰레드를 중지시키지 못했습니다. 이는 메모리 누수를 유발할 가능성이 큽니다. 해당 쓰레드의 스택 트레이스:
 java.base/java.lang.Object.wait0(Native Method)
 java.base/java.lang.Object.wait(Object.java:366)
 java.base/java.lang.Object.wait(Object.java:488)
 okhttp3.internal.concurrent.TaskRunner$RealBackend.coordinatorWait(TaskRunner.kt:294)
 okhttp3.internal.concurrent.TaskRunner.awaitTaskToRun(TaskRunner.kt:218)
 okhttp3.internal.concurrent.TaskRunner$runnable$1.run(TaskRunner.kt:59)
 java.base/java.util.concurrent.ThreadPoolExecutor.runWorker(ThreadPoolExecutor.java:1144)
 java.base/java.util.concurrent.ThreadPoolExecutor$Worker.run(ThreadPoolExecutor.java:642)
 java.base/java.lang.Thread.run(Thread.java:1583)
27-Jul-2024 22:58:55.960 WARNING [Thread-1] org.apache.catalina.loader.WebappClassLoaderBase.clearReferencesThreads 웹 애플리케이션 [ROOT]이(가) [Okio Watchdog](이)라는 이름의 쓰레드를 시작시킨 것으로 보이지만, 해당 쓰레드를 중지시키지 못했습니다. 이는 메모리 누수를 유발할 가능성이 큽니다. 해당 쓰레드의 스택 트레이스:
 java.base/java.lang.Object.wait0(Native Method)
 java.base/java.lang.Object.wait(Object.java:366)
 okio.AsyncTimeout$Companion.awaitTimeout$okio(AsyncTimeout.kt:302)
 okio.AsyncTimeout$Watchdog.run(AsyncTimeout.kt:183)
27-Jul-2024 22:58:55.960 WARNING [Thread-1] org.apache.catalina.loader.WebappClassLoaderBase.clearReferencesThreads 웹 애플리케이션 [ROOT]이(가) [mysql-cj-abandoned-connection-cleanup](이)라는 이름의 쓰레드를 시작시킨 것으로 보이지만, 해당 쓰레드를 중지시키지 못했습니다. 이는 메모리 누수를 유발할 가능성이 큽니다. 해당 쓰레드의 스택 트레이스:
 java.base/jdk.internal.misc.Unsafe.park(Native Method)
 java.base/java.util.concurrent.locks.LockSupport.parkNanos(LockSupport.java:269)
 java.base/java.util.concurrent.locks.AbstractQueuedSynchronizer$ConditionObject.await(AbstractQueuedSynchronizer.java:1847)
 java.base/java.lang.ref.ReferenceQueue.await(ReferenceQueue.java:71)
 java.base/java.lang.ref.ReferenceQueue.remove0(ReferenceQueue.java:143)
 java.base/java.lang.ref.ReferenceQueue.remove(ReferenceQueue.java:218)
 com.mysql.cj.jdbc.AbandonedConnectionCleanupThread.run(AbandonedConnectionCleanupThread.java:91)
 java.base/java.util.concurrent.ThreadPoolExecutor.runWorker(ThreadPoolExecutor.java:1144)
 java.base/java.util.concurrent.ThreadPoolExecutor$Worker.run(ThreadPoolExecutor.java:642)
 java.base/java.lang.Thread.run(Thread.java:1583)
27-Jul-2024 22:58:55.967 INFO [Thread-1] org.apache.coyote.AbstractProtocol.stop 프로토콜 핸들러 ["http-nio-8081"]을(를) 중지시킵니다.
27-Jul-2024 22:58:55.982 INFO [Thread-1] org.apache.coyote.AbstractProtocol.destroy 프로토콜 핸들러 ["http-nio-8081"]을(를) 소멸시킵니다.
27-Jul-2024 22:59:01.370 INFO [main] org.apache.catalina.startup.VersionLoggerListener.log 서버 버전 이름:    Apache Tomcat/10.1.26
27-Jul-2024 22:59:01.375 INFO [main] org.apache.catalina.startup.VersionLoggerListener.log Server 빌드 시각:  Jul 7 2024 21:02:13 UTC
27-Jul-2024 22:59:01.376 INFO [main] org.apache.catalina.startup.VersionLoggerListener.log Server 버전 번호:  10.1.26.0
27-Jul-2024 22:59:01.376 INFO [main] org.apache.catalina.startup.VersionLoggerListener.log 운영체제 이름:     Windows 10
27-Jul-2024 22:59:01.376 INFO [main] org.apache.catalina.startup.VersionLoggerListener.log 운영체제 버전:     10.0
27-Jul-2024 22:59:01.376 INFO [main] org.apache.catalina.startup.VersionLoggerListener.log 아키텍처:          amd64
27-Jul-2024 22:59:01.376 INFO [main] org.apache.catalina.startup.VersionLoggerListener.log 자바 홈:           C:\Users\dlwog\.jdks\openjdk-21.0.1
27-Jul-2024 22:59:01.377 INFO [main] org.apache.catalina.startup.VersionLoggerListener.log JVM 버전:          21.0.1+12-29
27-Jul-2024 22:59:01.378 INFO [main] org.apache.catalina.startup.VersionLoggerListener.log JVM 벤더:          Oracle Corporation
27-Jul-2024 22:59:01.378 INFO [main] org.apache.catalina.startup.VersionLoggerListener.log CATALINA_BASE:     C:\Users\dlwog\OneDrive\Documents\JSP_Project\wifi_api_project
27-Jul-2024 22:59:01.378 INFO [main] org.apache.catalina.startup.VersionLoggerListener.log CATALINA_HOME:     C:\Users\dlwog\OneDrive\Documents\JSP_Project\apache-tomcat-10.1.26
27-Jul-2024 22:59:01.402 INFO [main] org.apache.catalina.startup.VersionLoggerListener.log 명령 행 아규먼트:  --add-opens=java.base/java.lang=ALL-UNNAMED
27-Jul-2024 22:59:01.402 INFO [main] org.apache.catalina.startup.VersionLoggerListener.log 명령 행 아규먼트:  --add-opens=java.base/java.io=ALL-UNNAMED
27-Jul-2024 22:59:01.402 INFO [main] org.apache.catalina.startup.VersionLoggerListener.log 명령 행 아규먼트:  --add-opens=java.base/java.util=ALL-UNNAMED
27-Jul-2024 22:59:01.402 INFO [main] org.apache.catalina.startup.VersionLoggerListener.log 명령 행 아규먼트:  --add-opens=java.base/java.util.concurrent=ALL-UNNAMED
27-Jul-2024 22:59:01.402 INFO [main] org.apache.catalina.startup.VersionLoggerListener.log 명령 행 아규먼트:  --add-opens=java.rmi/sun.rmi.transport=ALL-UNNAMED
27-Jul-2024 22:59:01.403 INFO [main] org.apache.catalina.startup.VersionLoggerListener.log 명령 행 아규먼트:  -Dcatalina.home=C:\Users\dlwog\OneDrive\Documents\JSP_Project\apache-tomcat-10.1.26
27-Jul-2024 22:59:01.403 INFO [main] org.apache.catalina.startup.VersionLoggerListener.log 명령 행 아규먼트:  -Dcatalina.base=C:\Users\dlwog\OneDrive\Documents\JSP_Project\wifi_api_project
27-Jul-2024 22:59:01.403 INFO [main] org.apache.catalina.startup.VersionLoggerListener.log 명령 행 아규먼트:  -Djava.io.tmpdir=C:\Users\dlwog\OneDrive\Documents\JSP_Project\wifi_api_project\temp
27-Jul-2024 22:59:01.403 INFO [main] org.apache.catalina.startup.VersionLoggerListener.log 명령 행 아규먼트:  -Djava.util.logging.config.file=C:\Users\dlwog\OneDrive\Documents\JSP_Project\wifi_api_project\conf\logging.properties
27-Jul-2024 22:59:01.403 INFO [main] org.apache.catalina.startup.VersionLoggerListener.log 명령 행 아규먼트:  -Djava.util.logging.manager=org.apache.juli.ClassLoaderLogManager
27-Jul-2024 22:59:01.403 INFO [main] org.apache.catalina.startup.VersionLoggerListener.log 명령 행 아규먼트:  -javaagent:C:\Program Files\JetBrains\IntelliJ IDEA 2024.1.4\lib\idea_rt.jar=1156:C:\Program Files\JetBrains\IntelliJ IDEA 2024.1.4\bin
27-Jul-2024 22:59:01.403 INFO [main] org.apache.catalina.startup.VersionLoggerListener.log 명령 행 아규먼트:  -Dfile.encoding=UTF-8
27-Jul-2024 22:59:01.404 INFO [main] org.apache.catalina.startup.VersionLoggerListener.log 명령 행 아규먼트:  -Dsun.stdout.encoding=UTF-8
27-Jul-2024 22:59:01.404 INFO [main] org.apache.catalina.startup.VersionLoggerListener.log 명령 행 아규먼트:  -Dsun.stderr.encoding=UTF-8
27-Jul-2024 22:59:01.410 INFO [main] org.apache.catalina.core.AprLifecycleListener.lifecycleEvent APR 버전 [1.7.4]을(를) 사용한, APR 기반 Apache Tomcat Native 라이브러리 [2.0.7]을(를) 로드했습니다.
27-Jul-2024 22:59:01.423 INFO [main] org.apache.catalina.core.AprLifecycleListener.initializeSSL OpenSSL이 성공적으로 초기화되었습니다: [OpenSSL 3.0.13 30 Jan 2024]
27-Jul-2024 22:59:01.890 INFO [main] org.apache.coyote.AbstractProtocol.init 프로토콜 핸들러 ["http-nio-8081"]을(를) 초기화합니다.
27-Jul-2024 22:59:01.917 INFO [main] org.apache.catalina.startup.Catalina.load [929] 밀리초 내에 서버가 초기화되었습니다.
27-Jul-2024 22:59:01.994 INFO [main] org.apache.catalina.core.StandardService.startInternal 서비스 [Catalina]을(를) 시작합니다.
27-Jul-2024 22:59:01.994 INFO [main] org.apache.catalina.core.StandardEngine.startInternal 서버 엔진을 시작합니다: [Apache Tomcat/10.1.26]
27-Jul-2024 22:59:02.014 INFO [main] org.apache.catalina.startup.HostConfig.deployDescriptor 배치 descriptor [C:\Users\dlwog\OneDrive\Documents\JSP_Project\wifi_api_project\conf\Catalina\localhost\ROOT.xml]을(를) 배치합니다.
27-Jul-2024 22:59:04.404 INFO [main] org.apache.jasper.servlet.TldScanner.scanJars 적어도 하나의 JAR가 TLD들을 찾기 위해 스캔되었으나 아무 것도 찾지 못했습니다. 스캔했으나 TLD가 없는 JAR들의 전체 목록을 보시려면, 로그 레벨을 디버그 레벨로 설정하십시오. 스캔 과정에서 불필요한 JAR들을 건너뛰면, 시스템 시작 시간과 JSP 컴파일 시간을 단축시킬 수 있습니다.
27-Jul-2024 22:59:05.031 INFO [main] org.apache.catalina.startup.HostConfig.deployDescriptor 배치 descriptor [C:\Users\dlwog\OneDrive\Documents\JSP_Project\wifi_api_project\conf\Catalina\localhost\ROOT.xml]의 배치가 [3,014] 밀리초 내에 완료되었습니다.
27-Jul-2024 22:59:05.039 INFO [main] org.apache.coyote.AbstractProtocol.start 프로토콜 핸들러 ["http-nio-8081"]을(를) 시작합니다.
27-Jul-2024 22:59:05.069 INFO [main] org.apache.catalina.startup.Catalina.start 서버가 [3150] 밀리초 내에 시작되었습니다.
27-Jul-2024 22:59:19.984 INFO [Thread-1] org.apache.coyote.AbstractProtocol.pause 프로토콜 핸들러 ["http-nio-8081"]을(를) 일시 정지 중
27-Jul-2024 22:59:20.014 INFO [Thread-1] org.apache.catalina.core.StandardService.stopInternal 서비스 [Catalina]을(를) 중지시킵니다.
27-Jul-2024 22:59:20.023 WARNING [Thread-1] org.apache.catalina.loader.WebappClassLoaderBase.clearReferencesJdbc 웹 애플리케이션 [ROOT]이(가) JDBC 드라이버 [com.mysql.cj.jdbc.Driver]을(를) 등록했지만, 웹 애플리케이션이 중지될 때, 해당 JDBC 드라이버의 등록을 제거하지 못했습니다. 메모리 누수를 방지하기 위하여, 등록을 강제로 제거했습니다.
27-Jul-2024 22:59:20.024 WARNING [Thread-1] org.apache.catalina.loader.WebappClassLoaderBase.clearReferencesThreads 웹 애플리케이션 [ROOT]이(가) [OkHttp TaskRunner](이)라는 이름의 쓰레드를 시작시킨 것으로 보이지만, 해당 쓰레드를 중지시키지 못했습니다. 이는 메모리 누수를 유발할 가능성이 큽니다. 해당 쓰레드의 스택 트레이스:
 java.base/java.lang.Object.wait0(Native Method)
 java.base/java.lang.Object.wait(Object.java:366)
 java.base/java.lang.Object.wait(Object.java:488)
 okhttp3.internal.concurrent.TaskRunner$RealBackend.coordinatorWait(TaskRunner.kt:294)
 okhttp3.internal.concurrent.TaskRunner.awaitTaskToRun(TaskRunner.kt:218)
 okhttp3.internal.concurrent.TaskRunner$runnable$1.run(TaskRunner.kt:59)
 java.base/java.util.concurrent.ThreadPoolExecutor.runWorker(ThreadPoolExecutor.java:1144)
 java.base/java.util.concurrent.ThreadPoolExecutor$Worker.run(ThreadPoolExecutor.java:642)
 java.base/java.lang.Thread.run(Thread.java:1583)
27-Jul-2024 22:59:20.024 WARNING [Thread-1] org.apache.catalina.loader.WebappClassLoaderBase.clearReferencesThreads 웹 애플리케이션 [ROOT]이(가) [Okio Watchdog](이)라는 이름의 쓰레드를 시작시킨 것으로 보이지만, 해당 쓰레드를 중지시키지 못했습니다. 이는 메모리 누수를 유발할 가능성이 큽니다. 해당 쓰레드의 스택 트레이스:
 java.base/java.lang.Object.wait0(Native Method)
 java.base/java.lang.Object.wait(Object.java:366)
 java.base/java.lang.Object.wait(Object.java:488)
 okio.AsyncTimeout$Companion.awaitTimeout$okio(AsyncTimeout.kt:318)
 okio.AsyncTimeout$Watchdog.run(AsyncTimeout.kt:183)
27-Jul-2024 22:59:20.024 WARNING [Thread-1] org.apache.catalina.loader.WebappClassLoaderBase.clearReferencesThreads 웹 애플리케이션 [ROOT]이(가) [mysql-cj-abandoned-connection-cleanup](이)라는 이름의 쓰레드를 시작시킨 것으로 보이지만, 해당 쓰레드를 중지시키지 못했습니다. 이는 메모리 누수를 유발할 가능성이 큽니다. 해당 쓰레드의 스택 트레이스:
 java.base/jdk.internal.misc.Unsafe.park(Native Method)
 java.base/java.util.concurrent.locks.LockSupport.parkNanos(LockSupport.java:269)
 java.base/java.util.concurrent.locks.AbstractQueuedSynchronizer$ConditionObject.await(AbstractQueuedSynchronizer.java:1847)
 java.base/java.lang.ref.ReferenceQueue.await(ReferenceQueue.java:71)
 java.base/java.lang.ref.ReferenceQueue.remove0(ReferenceQueue.java:143)
 java.base/java.lang.ref.ReferenceQueue.remove(ReferenceQueue.java:218)
 com.mysql.cj.jdbc.AbandonedConnectionCleanupThread.run(AbandonedConnectionCleanupThread.java:91)
 java.base/java.util.concurrent.ThreadPoolExecutor.runWorker(ThreadPoolExecutor.java:1144)
 java.base/java.util.concurrent.ThreadPoolExecutor$Worker.run(ThreadPoolExecutor.java:642)
 java.base/java.lang.Thread.run(Thread.java:1583)
27-Jul-2024 22:59:20.032 INFO [Thread-1] org.apache.coyote.AbstractProtocol.stop 프로토콜 핸들러 ["http-nio-8081"]을(를) 중지시킵니다.
27-Jul-2024 22:59:20.039 INFO [Thread-1] org.apache.coyote.AbstractProtocol.destroy 프로토콜 핸들러 ["http-nio-8081"]을(를) 소멸시킵니다.
27-Jul-2024 22:59:25.827 INFO [main] org.apache.catalina.startup.VersionLoggerListener.log 서버 버전 이름:    Apache Tomcat/10.1.26
27-Jul-2024 22:59:25.832 INFO [main] org.apache.catalina.startup.VersionLoggerListener.log Server 빌드 시각:  Jul 7 2024 21:02:13 UTC
27-Jul-2024 22:59:25.834 INFO [main] org.apache.catalina.startup.VersionLoggerListener.log Server 버전 번호:  10.1.26.0
27-Jul-2024 22:59:25.835 INFO [main] org.apache.catalina.startup.VersionLoggerListener.log 운영체제 이름:     Windows 10
27-Jul-2024 22:59:25.835 INFO [main] org.apache.catalina.startup.VersionLoggerListener.log 운영체제 버전:     10.0
27-Jul-2024 22:59:25.836 INFO [main] org.apache.catalina.startup.VersionLoggerListener.log 아키텍처:          amd64
27-Jul-2024 22:59:25.836 INFO [main] org.apache.catalina.startup.VersionLoggerListener.log 자바 홈:           C:\Users\dlwog\.jdks\openjdk-21.0.1
27-Jul-2024 22:59:25.836 INFO [main] org.apache.catalina.startup.VersionLoggerListener.log JVM 버전:          21.0.1+12-29
27-Jul-2024 22:59:25.837 INFO [main] org.apache.catalina.startup.VersionLoggerListener.log JVM 벤더:          Oracle Corporation
27-Jul-2024 22:59:25.837 INFO [main] org.apache.catalina.startup.VersionLoggerListener.log CATALINA_BASE:     C:\Users\dlwog\OneDrive\Documents\JSP_Project\wifi_api_project
27-Jul-2024 22:59:25.838 INFO [main] org.apache.catalina.startup.VersionLoggerListener.log CATALINA_HOME:     C:\Users\dlwog\OneDrive\Documents\JSP_Project\apache-tomcat-10.1.26
27-Jul-2024 22:59:25.853 INFO [main] org.apache.catalina.startup.VersionLoggerListener.log 명령 행 아규먼트:  --add-opens=java.base/java.lang=ALL-UNNAMED
27-Jul-2024 22:59:25.853 INFO [main] org.apache.catalina.startup.VersionLoggerListener.log 명령 행 아규먼트:  --add-opens=java.base/java.io=ALL-UNNAMED
27-Jul-2024 22:59:25.853 INFO [main] org.apache.catalina.startup.VersionLoggerListener.log 명령 행 아규먼트:  --add-opens=java.base/java.util=ALL-UNNAMED
27-Jul-2024 22:59:25.853 INFO [main] org.apache.catalina.startup.VersionLoggerListener.log 명령 행 아규먼트:  --add-opens=java.base/java.util.concurrent=ALL-UNNAMED
27-Jul-2024 22:59:25.853 INFO [main] org.apache.catalina.startup.VersionLoggerListener.log 명령 행 아규먼트:  --add-opens=java.rmi/sun.rmi.transport=ALL-UNNAMED
27-Jul-2024 22:59:25.853 INFO [main] org.apache.catalina.startup.VersionLoggerListener.log 명령 행 아규먼트:  -Dcatalina.home=C:\Users\dlwog\OneDrive\Documents\JSP_Project\apache-tomcat-10.1.26
27-Jul-2024 22:59:25.853 INFO [main] org.apache.catalina.startup.VersionLoggerListener.log 명령 행 아규먼트:  -Dcatalina.base=C:\Users\dlwog\OneDrive\Documents\JSP_Project\wifi_api_project
27-Jul-2024 22:59:25.853 INFO [main] org.apache.catalina.startup.VersionLoggerListener.log 명령 행 아규먼트:  -Djava.io.tmpdir=C:\Users\dlwog\OneDrive\Documents\JSP_Project\wifi_api_project\temp
27-Jul-2024 22:59:25.853 INFO [main] org.apache.catalina.startup.VersionLoggerListener.log 명령 행 아규먼트:  -Djava.util.logging.config.file=C:\Users\dlwog\OneDrive\Documents\JSP_Project\wifi_api_project\conf\logging.properties
27-Jul-2024 22:59:25.854 INFO [main] org.apache.catalina.startup.VersionLoggerListener.log 명령 행 아규먼트:  -Djava.util.logging.manager=org.apache.juli.ClassLoaderLogManager
27-Jul-2024 22:59:25.854 INFO [main] org.apache.catalina.startup.VersionLoggerListener.log 명령 행 아규먼트:  -javaagent:C:\Program Files\JetBrains\IntelliJ IDEA 2024.1.4\lib\idea_rt.jar=1177:C:\Program Files\JetBrains\IntelliJ IDEA 2024.1.4\bin
27-Jul-2024 22:59:25.854 INFO [main] org.apache.catalina.startup.VersionLoggerListener.log 명령 행 아규먼트:  -Dfile.encoding=UTF-8
27-Jul-2024 22:59:25.854 INFO [main] org.apache.catalina.startup.VersionLoggerListener.log 명령 행 아규먼트:  -Dsun.stdout.encoding=UTF-8
27-Jul-2024 22:59:25.854 INFO [main] org.apache.catalina.startup.VersionLoggerListener.log 명령 행 아규먼트:  -Dsun.stderr.encoding=UTF-8
27-Jul-2024 22:59:25.858 INFO [main] org.apache.catalina.core.AprLifecycleListener.lifecycleEvent APR 버전 [1.7.4]을(를) 사용한, APR 기반 Apache Tomcat Native 라이브러리 [2.0.7]을(를) 로드했습니다.
27-Jul-2024 22:59:25.869 INFO [main] org.apache.catalina.core.AprLifecycleListener.initializeSSL OpenSSL이 성공적으로 초기화되었습니다: [OpenSSL 3.0.13 30 Jan 2024]
27-Jul-2024 22:59:26.422 INFO [main] org.apache.coyote.AbstractProtocol.init 프로토콜 핸들러 ["http-nio-8081"]을(를) 초기화합니다.
27-Jul-2024 22:59:26.442 INFO [main] org.apache.catalina.startup.Catalina.load [943] 밀리초 내에 서버가 초기화되었습니다.
27-Jul-2024 22:59:26.516 INFO [main] org.apache.catalina.core.StandardService.startInternal 서비스 [Catalina]을(를) 시작합니다.
27-Jul-2024 22:59:26.516 INFO [main] org.apache.catalina.core.StandardEngine.startInternal 서버 엔진을 시작합니다: [Apache Tomcat/10.1.26]
27-Jul-2024 22:59:26.542 INFO [main] org.apache.catalina.startup.HostConfig.deployDescriptor 배치 descriptor [C:\Users\dlwog\OneDrive\Documents\JSP_Project\wifi_api_project\conf\Catalina\localhost\ROOT.xml]을(를) 배치합니다.
27-Jul-2024 22:59:29.189 INFO [main] org.apache.jasper.servlet.TldScanner.scanJars 적어도 하나의 JAR가 TLD들을 찾기 위해 스캔되었으나 아무 것도 찾지 못했습니다. 스캔했으나 TLD가 없는 JAR들의 전체 목록을 보시려면, 로그 레벨을 디버그 레벨로 설정하십시오. 스캔 과정에서 불필요한 JAR들을 건너뛰면, 시스템 시작 시간과 JSP 컴파일 시간을 단축시킬 수 있습니다.
27-Jul-2024 22:59:29.775 INFO [main] org.apache.catalina.startup.HostConfig.deployDescriptor 배치 descriptor [C:\Users\dlwog\OneDrive\Documents\JSP_Project\wifi_api_project\conf\Catalina\localhost\ROOT.xml]의 배치가 [3,230] 밀리초 내에 완료되었습니다.
27-Jul-2024 22:59:29.783 INFO [main] org.apache.coyote.AbstractProtocol.start 프로토콜 핸들러 ["http-nio-8081"]을(를) 시작합니다.
27-Jul-2024 22:59:29.817 INFO [main] org.apache.catalina.startup.Catalina.start 서버가 [3372] 밀리초 내에 시작되었습니다.
